This file contains any messages produced by compilers while
running configure, to aid debugging if configure makes a mistake.

It was created by gauche-perlinnoise configure 1.0, which was
generated by GNU Autoconf 2.65.  Invocation command line was

  $ ./configure 

## --------- ##
## Platform. ##
## --------- ##

hostname = ubuntu
uname -m = x86_64
uname -r = 2.6.32-24-server
uname -s = Linux
uname -v = #43-Ubuntu SMP Thu Sep 16 16:05:42 UTC 2010

/usr/bin/uname -p = unknown
/bin/uname -X     = unknown

/bin/arch              = unknown
/usr/bin/arch -k       = unknown
/usr/convex/getsysinfo = unknown
/usr/bin/hostinfo      = unknown
/bin/machine           = unknown
/usr/bin/oslevel       = unknown
/bin/universe          = unknown

PATH: /home/nao/bin
PATH: /var/lib/gems/1.8/bin
PATH: /home/nao/bin
PATH: /var/lib/gems/1.8/bin
PATH: /usr/local/sbin
PATH: /usr/local/bin
PATH: /usr/sbin
PATH: /usr/bin
PATH: /sbin
PATH: /bin
PATH: /usr/games


## ----------- ##
## Core tests. ##
## ----------- ##

configure:1678: checking for gosh
configure:1696: found /usr/bin/gosh
configure:1708: result: /usr/bin/gosh
configure:1718: checking for gauche-config
configure:1736: found /usr/bin/gauche-config
configure:1748: result: /usr/bin/gauche-config
configure:1758: checking for gauche-package
configure:1776: found /usr/bin/gauche-package
configure:1788: result: /usr/bin/gauche-package
configure:1798: checking for gauche-install
configure:1816: found /usr/bin/gauche-install
configure:1828: result: /usr/bin/gauche-install
configure:1838: checking for gauche-cesconv
configure:1856: found /usr/bin/gauche-cesconv
configure:1868: result: /usr/bin/gauche-cesconv
configure:1897: creating gauche-perlinnoise.gpd
configure:2044: creating ./config.status

## ---------------------- ##
## Running config.status. ##
## ---------------------- ##

This file was extended by gauche-perlinnoise config.status 1.0, which was
generated by GNU Autoconf 2.65.  Invocation command line was

  CONFIG_FILES    = 
  CONFIG_HEADERS  = 
  CONFIG_LINKS    = 
  CONFIG_COMMANDS = 
  $ ./config.status 

on ubuntu

config.status:727: creating Makefile

## ---------------- ##
## Cache variables. ##
## ---------------- ##

ac_cv_env_build_alias_set=
ac_cv_env_build_alias_value=
ac_cv_env_host_alias_set=
ac_cv_env_host_alias_value=
ac_cv_env_target_alias_set=
ac_cv_env_target_alias_value=
ac_cv_path_GAUCHE_CESCONV=/usr/bin/gauche-cesconv
ac_cv_path_GAUCHE_CONFIG=/usr/bin/gauche-config
ac_cv_path_GAUCHE_INSTALL=/usr/bin/gauche-install
ac_cv_path_GAUCHE_PACKAGE=/usr/bin/gauche-package
ac_cv_path_GOSH=/usr/bin/gosh

## ----------------- ##
## Output variables. ##
## ----------------- ##

DEFS='-DPACKAGE_NAME=\"gauche-perlinnoise\" -DPACKAGE_TARNAME=\"gauche-perlinnoise\" -DPACKAGE_VERSION=\"0.0.1\" -DPACKAGE_STRING=\"gauche-perlinnoise\ 0.0.1\" -DPACKAGE_BUGREPORT=\"foobar@ne.jp\" -DPACKAGE_URL=\"http://foo.bar.co.jp\"'
ECHO_C=''
ECHO_N='-n'
ECHO_T=''
EXEEXT=''
GAUCHE_CESCONV='/usr/bin/gauche-cesconv'
GAUCHE_CONFIG='/usr/bin/gauche-config'
GAUCHE_INSTALL='/usr/bin/gauche-install'
GAUCHE_PACKAGE='/usr/bin/gauche-package'
GAUCHE_PKGARCHDIR='${libdir}/gauche/site/0.9/x86_64-pc-linux-gnu'
GAUCHE_PKGINCDIR='${libdir}/gauche/site/include'
GAUCHE_PKGLIBDIR='${datadir}/gauche/site/lib'
GOSH='/usr/bin/gosh'
LIBOBJS=''
LIBS=''
LOCAL_PATHS=''
LTLIBOBJS=''
OBJEXT='o'
PACKAGE_BUGREPORT='foobar@ne.jp'
PACKAGE_NAME='gauche-perlinnoise'
PACKAGE_STRING='gauche-perlinnoise 0.0.1'
PACKAGE_TARNAME='gauche-perlinnoise'
PACKAGE_URL='http://foo.bar.co.jp'
PACKAGE_VERSION='0.0.1'
PATH_SEPARATOR=':'
SHELL='/bin/bash'
SOEXT='so'
bindir='${exec_prefix}/bin'
build_alias=''
datadir='${datarootdir}'
datarootdir='${prefix}/share'
docdir='${datarootdir}/doc/${PACKAGE_TARNAME}'
dvidir='${docdir}'
exec_prefix='${prefix}'
host_alias=''
htmldir='${docdir}'
includedir='${prefix}/include'
infodir='${datarootdir}/info'
libdir='${exec_prefix}/lib'
libexecdir='${exec_prefix}/libexec'
localedir='${datarootdir}/locale'
localstatedir='${prefix}/var'
mandir='${datarootdir}/man'
oldincludedir='/usr/include'
pdfdir='${docdir}'
prefix='/usr'
program_transform_name='s,x,x,'
psdir='${docdir}'
sbindir='${exec_prefix}/sbin'
sharedstatedir='${prefix}/com'
sysconfdir='${prefix}/etc'
target_alias=''

## ----------- ##
## confdefs.h. ##
## ----------- ##

/* confdefs.h */
#define PACKAGE_NAME "gauche-perlinnoise"
#define PACKAGE_TARNAME "gauche-perlinnoise"
#define PACKAGE_VERSION "0.0.1"
#define PACKAGE_STRING "gauche-perlinnoise 0.0.1"
#define PACKAGE_BUGREPORT "foobar@ne.jp"
#define PACKAGE_URL "http://foo.bar.co.jp"

configure: exit 0
